<?xml version="1.0" encoding="UTF-8"?>
<!-- Generated by org.testng.reporters.JUnitXMLReporter -->
<testsuite ignored="0" hostname="DESKTOP-VEELU6H" failures="2" tests="2" name="Test" time="33.224" errors="0" timestamp="2022-02-17T16:00:01 IST">
  <testcase classname="tests.VerifyHeaderOfApplication" name="toVerifyTaskButton" time="4.71">
    <failure type="java.lang.AssertionError" message="title of is not found expected [actiTIME -  Open Tasks] but found [actiTIME - Open Tasks]">
      <![CDATA[java.lang.AssertionError: title of is not found expected [actiTIME -  Open Tasks] but found [actiTIME - Open Tasks]
at tests.VerifyHeaderOfApplication.toVerifyTaskButton(VerifyHeaderOfApplication.java:54)
at java.base/java.util.ArrayList.forEach(ArrayList.java:1511)
... Removed 32 stack frames]]>
    </failure>
  </testcase> <!-- toVerifyTaskButton -->
  <testcase classname="tests.VerifyHeaderOfApplication" name="toVerifyUserButton" time="4.274">
    <failure type="java.lang.AssertionError" message="title of user is not found expected [actiTIME -  User List ] but found [actiTIME - User List]">
      <![CDATA[java.lang.AssertionError: title of user is not found expected [actiTIME -  User List ] but found [actiTIME - User List]
at tests.VerifyHeaderOfApplication.toVerifyUserButton(VerifyHeaderOfApplication.java:77)
at java.base/java.util.ArrayList.forEach(ArrayList.java:1511)
... Removed 32 stack frames]]>
    </failure>
  </testcase> <!-- toVerifyUserButton -->
</testsuite> <!-- Test -->
